#
# There is insufficient memory for the Java Runtime Environment to continue.
# Native memory allocation (malloc) failed to allocate 615296 bytes for Chunk::new
# Possible reasons:
#   The system is out of physical RAM or swap space
#   The process is running with CompressedOops enabled, and the Java Heap may be blocking the growth of the native heap
# Possible solutions:
#   Reduce memory load on the system
#   Increase physical memory or swap space
#   Check if swap backing store is full
#   Decrease Java heap size (-Xmx/-Xms)
#   Decrease number of Java threads
#   Decrease Java thread stack sizes (-Xss)
#   Set larger code cache with -XX:ReservedCodeCacheSize=
#   JVM is running with Unscaled Compressed Oops mode in which the Java heap is
#     placed in the first 4GB address space. The Java Heap base address is the
#     maximum limit for the native heap growth. Please use -XX:HeapBaseMinAddress
#     to set the Java Heap base and to place the Java Heap above 4GB virtual address.
# This output file may be truncated or incomplete.
#
#  Out of Memory Error (allocation.cpp:389), pid=3540, tid=0x0000000000000908
#
# JRE version: OpenJDK Runtime Environment (8.0_242-b01) (build 1.8.0_242-release-1644-b01)
# Java VM: OpenJDK 64-Bit Server VM (25.242-b01 mixed mode windows-amd64 compressed oops)
# Failed to write core dump. Minidumps are not enabled by default on client versions of Windows
#

---------------  T H R E A D  ---------------

Current thread (0x000000005771b800):  JavaThread "C2 CompilerThread1" daemon [_thread_in_native, id=2312, stack(0x0000000058610000,0x0000000058710000)]

Stack: [0x0000000058610000,0x0000000058710000]
[error occurred during error reporting (printing stack bounds), id 0xc0000005]

Native frames: (J=compiled Java code, j=interpreted, Vv=VM code, C=native code)


Current CompileTask:
C2: 935581 26193  s    4       org.gradle.internal.component.external.model.AbstractLazyModuleComponentResolveMetadata::getConfiguration (44 bytes)


---------------  P R O C E S S  ---------------

Java Threads: ( => current thread )
  0x000000005a1ff800 JavaThread "jar transforms Thread 368" [_thread_blocked, id=2920, stack(0x0000000076c00000,0x0000000076d00000)]
  0x000000005a1ff000 JavaThread "jar transforms Thread 367" [_thread_blocked, id=2116, stack(0x0000000076190000,0x0000000076290000)]
  0x000000005a1fe000 JavaThread "jar transforms Thread 366" [_thread_blocked, id=3272, stack(0x0000000076030000,0x0000000076130000)]
  0x000000005a1fd800 JavaThread "jar transforms Thread 365" [_thread_blocked, id=3636, stack(0x0000000075de0000,0x0000000075ee0000)]
  0x000000005a1fc800 JavaThread "jar transforms Thread 364" [_thread_blocked, id=1012, stack(0x0000000075c40000,0x0000000075d40000)]
  0x000000005a1fc000 JavaThread "jar transforms Thread 363" [_thread_blocked, id=688, stack(0x0000000075ac0000,0x0000000075bc0000)]
  0x000000005a1fb000 JavaThread "jar transforms Thread 362" [_thread_blocked, id=3624, stack(0x00000000727c0000,0x00000000728c0000)]
  0x000000005ea52000 JavaThread "jar transforms Thread 361" [_thread_blocked, id=3868, stack(0x00000000758f0000,0x00000000759f0000)]
  0x000000005ea51000 JavaThread "jar transforms Thread 360" [_thread_blocked, id=3132, stack(0x0000000075720000,0x0000000075820000)]
  0x000000005ea50800 JavaThread "jar transforms Thread 359" [_thread_blocked, id=3296, stack(0x0000000074030000,0x0000000074130000)]
  0x000000005ea4f800 JavaThread "jar transforms Thread 358" [_thread_blocked, id=2848, stack(0x0000000074240000,0x0000000074340000)]
  0x000000005ea4f000 JavaThread "jar transforms Thread 357" [_thread_blocked, id=2960, stack(0x0000000075560000,0x0000000075660000)]
  0x000000005ea4e000 JavaThread "jar transforms Thread 356" [_thread_blocked, id=292, stack(0x0000000075250000,0x0000000075350000)]
  0x000000005ea4d800 JavaThread "jar transforms Thread 355" [_thread_blocked, id=2480, stack(0x0000000075120000,0x0000000075220000)]
  0x000000005ea4c800 JavaThread "jar transforms Thread 354" [_thread_blocked, id=3420, stack(0x0000000074ff0000,0x00000000750f0000)]
  0x000000005ea4c000 JavaThread "jar transforms Thread 353" [_thread_blocked, id=1916, stack(0x0000000074460000,0x0000000074560000)]
  0x000000005ea4b000 JavaThread "jar transforms Thread 352" [_thread_blocked, id=3328, stack(0x0000000074560000,0x0000000074660000)]
  0x000000005e9cd000 JavaThread "jar transforms Thread 351" [_thread_blocked, id=3616, stack(0x0000000073de0000,0x0000000073ee0000)]
  0x000000005e9cc800 JavaThread "jar transforms Thread 350" [_thread_blocked, id=3640, stack(0x0000000074340000,0x0000000074440000)]
  0x000000005e9cb800 JavaThread "jar transforms Thread 349" [_thread_blocked, id=2804, stack(0x0000000074130000,0x0000000074230000)]
  0x000000005e9cb000 JavaThread "jar transforms Thread 348" [_thread_blocked, id=3832, stack(0x0000000073f00000,0x0000000074000000)]
  0x000000005e9ca000 JavaThread "jar transforms Thread 347" [_thread_blocked, id=3544, stack(0x0000000073ca0000,0x0000000073da0000)]
  0x000000005e9c9800 JavaThread "jar transforms Thread 346" [_thread_blocked, id=1680, stack(0x00000000739a0000,0x0000000073aa0000)]
  0x000000005e9c8800 JavaThread "jar transforms Thread 345" [_thread_blocked, id=3048, stack(0x0000000073b00000,0x0000000073c00000)]
  0x000000005e9c8000 JavaThread "jar transforms Thread 344" [_thread_blocked, id=3140, stack(0x00000000736f0000,0x00000000737f0000)]
  0x000000005e9c7000 JavaThread "jar transforms Thread 343" [_thread_blocked, id=3156, stack(0x0000000073880000,0x0000000073980000)]
  0x000000005e9c6800 JavaThread "jar transforms Thread 342" [_thread_blocked, id=3652, stack(0x00000000733c0000,0x00000000734c0000)]
  0x000000005e2f0000 JavaThread "jar transforms Thread 341" [_thread_blocked, id=3424, stack(0x00000000735e0000,0x00000000736e0000)]
  0x000000005e2ef800 JavaThread "jar transforms Thread 340" [_thread_blocked, id=1372, stack(0x00000000734d0000,0x00000000735d0000)]
  0x000000005e2ee800 JavaThread "jar transforms Thread 339" [_thread_blocked, id=3552, stack(0x00000000719c0000,0x0000000071ac0000)]
  0x000000005e2ee000 JavaThread "jar transforms Thread 338" [_thread_blocked, id=3828, stack(0x0000000073240000,0x0000000073340000)]
  0x000000005e2ed000 JavaThread "jar transforms Thread 337" [_thread_blocked, id=1276, stack(0x0000000072f40000,0x0000000073040000)]
  0x000000005e2ec800 JavaThread "jar transforms Thread 336" [_thread_blocked, id=1828, stack(0x0000000073060000,0x0000000073160000)]
  0x000000005e2eb800 JavaThread "jar transforms Thread 335" [_thread_blocked, id=3236, stack(0x0000000072e10000,0x0000000072f10000)]
  0x000000005e2eb000 JavaThread "jar transforms Thread 334" [_thread_blocked, id=4044, stack(0x0000000072c80000,0x0000000072d80000)]
  0x000000005e2ea000 JavaThread "jar transforms Thread 333" [_thread_blocked, id=2060, stack(0x0000000072ab0000,0x0000000072bb0000)]
  0x000000005e2e9800 JavaThread "jar transforms Thread 332" [_thread_blocked, id=3528, stack(0x0000000071fe0000,0x00000000720e0000)]
  0x000000005fb5c000 JavaThread "jar transforms Thread 331" [_thread_blocked, id=2500, stack(0x00000000728c0000,0x00000000729c0000)]
  0x000000005fb5b000 JavaThread "jar transforms Thread 330" [_thread_blocked, id=1076, stack(0x00000000726c0000,0x00000000727c0000)]
  0x000000005fb5a800 JavaThread "jar transforms Thread 329" [_thread_blocked, id=4004, stack(0x0000000072390000,0x0000000072490000)]
  0x000000005fb59800 JavaThread "jar transforms Thread 328" [_thread_blocked, id=288, stack(0x00000000725c0000,0x00000000726c0000)]
  0x000000005fb59000 JavaThread "jar transforms Thread 327" [_thread_blocked, id=2284, stack(0x00000000724a0000,0x00000000725a0000)]
  0x000000005fb58000 JavaThread "jar transforms Thread 326" [_thread_blocked, id=3788, stack(0x0000000072290000,0x0000000072390000)]
  0x000000005fb57800 JavaThread "jar transforms Thread 325" [_thread_blocked, id=1628, stack(0x00000000720f0000,0x00000000721f0000)]
  0x000000005fb56800 JavaThread "jar transforms Thread 324" [_thread_blocked, id=3436, stack(0x0000000071d90000,0x0000000071e90000)]
  0x000000005fb55800 JavaThread "jar transforms Thread 323" [_thread_blocked, id=3184, stack(0x0000000071ea0000,0x0000000071fa0000)]
  0x000000005fb55000 JavaThread "jar transforms Thread 322" [_thread_blocked, id=2288, stack(0x0000000071c90000,0x0000000071d90000)]
  0x000000005f548000 JavaThread "jar transforms Thread 321" [_thread_blocked, id=3984, stack(0x00000000717a0000,0x00000000718a0000)]
  0x000000005f547000 JavaThread "jar transforms Thread 320" [_thread_blocked, id=2756, stack(0x0000000071b10000,0x0000000071c10000)]
  0x000000005f546800 JavaThread "jar transforms Thread 319" [_thread_blocked, id=3412, stack(0x00000000718b0000,0x00000000719b0000)]
  0x000000005f545800 JavaThread "jar transforms Thread 318" [_thread_blocked, id=3372, stack(0x0000000071270000,0x0000000071370000)]
  0x000000005f545000 JavaThread "jar transforms Thread 317" [_thread_blocked, id=3368, stack(0x0000000071640000,0x0000000071740000)]
  0x000000005f544000 JavaThread "jar transforms Thread 316" [_thread_blocked, id=2556, stack(0x0000000071540000,0x0000000071640000)]
  0x000000005f543800 JavaThread "jar transforms Thread 315" [_thread_blocked, id=1072, stack(0x0000000070ff0000,0x00000000710f0000)]
  0x000000005f542800 JavaThread "jar transforms Thread 314" [_thread_blocked, id=2692, stack(0x00000000713b0000,0x00000000714b0000)]
  0x000000005f542000 JavaThread "jar transforms Thread 313" [_thread_blocked, id=2868, stack(0x0000000071140000,0x0000000071240000)]
  0x000000005f541000 JavaThread "jar transforms Thread 312" [_thread_blocked, id=3896, stack(0x0000000070a30000,0x0000000070b30000)]
  0x000000005eed2800 JavaThread "jar transforms Thread 311" [_thread_blocked, id=3264, stack(0x0000000070ee0000,0x0000000070fe0000)]
  0x000000005eed4800 JavaThread "jar transforms Thread 310" [_thread_blocked, id=4076, stack(0x0000000070cf0000,0x0000000070df0000)]
  0x000000005eed3000 JavaThread "jar transforms Thread 309" [_thread_blocked, id=2948, stack(0x00000000704e0000,0x00000000705e0000)]
  0x000000005eed8800 JavaThread "jar transforms Thread 308" [_thread_blocked, id=3316, stack(0x0000000070b30000,0x0000000070c30000)]
  0x000000005eed6000 JavaThread "jar transforms Thread 307" [_thread_blocked, id=3600, stack(0x0000000070900000,0x0000000070a00000)]
  0x000000005f903800 JavaThread "jar transforms Thread 306" [_thread_blocked, id=3092, stack(0x0000000070750000,0x0000000070850000)]
  0x000000005f900000 JavaThread "jar transforms Thread 305" [_thread_blocked, id=3784, stack(0x0000000070620000,0x0000000070720000)]
  0x000000005f902800 JavaThread "jar transforms Thread 304" [_thread_blocked, id=2832, stack(0x000000006e540000,0x000000006e640000)]
  0x000000005f8fe800 JavaThread "jar transforms Thread 303" [_thread_blocked, id=3432, stack(0x00000000703a0000,0x00000000704a0000)]
  0x000000005f901000 JavaThread "jar transforms Thread 302" [_thread_blocked, id=3712, stack(0x000000006db90000,0x000000006dc90000)]
  0x000000005f901800 JavaThread "jar transforms Thread 301" [_thread_blocked, id=2536, stack(0x000000006e420000,0x000000006e520000)]
  0x000000005f621000 JavaThread "jar transforms Thread 300" [_thread_blocked, id=1560, stack(0x000000006e2f0000,0x000000006e3f0000)]
  0x000000005f628000 JavaThread "jar transforms Thread 299" [_thread_blocked, id=3228, stack(0x000000006dd40000,0x000000006de40000)]
  0x000000005f627000 JavaThread "jar transforms Thread 298" [_thread_blocked, id=2568, stack(0x000000006d7c0000,0x000000006d8c0000)]
  0x000000005f623800 JavaThread "jar transforms Thread 297" [_thread_blocked, id=3352, stack(0x0000000060940000,0x0000000060a40000)]
  0x000000005f624000 JavaThread "jar transforms Thread 296" [_thread_blocked, id=3960, stack(0x000000006c260000,0x000000006c360000)]
  0x000000005f622800 JavaThread "jar transforms Thread 295" [_thread_blocked, id=3276, stack(0x000000006c630000,0x000000006c730000)]
  0x000000005f622000 JavaThread "jar transforms Thread 294" [_thread_blocked, id=2432, stack(0x000000006d5f0000,0x000000006d6f0000)]
  0x000000006399d800 JavaThread "jar transforms Thread 293" [_thread_blocked, id=600, stack(0x000000006cee0000,0x000000006cfe0000)]
  0x000000006399f800 JavaThread "jar transforms Thread 292" [_thread_blocked, id=3956, stack(0x000000005da70000,0x000000005db70000)]
  0x00000000639a1000 JavaThread "jar transforms Thread 291" [_thread_blocked, id=2900, stack(0x000000006cca0000,0x000000006cda0000)]
  0x00000000639a3800 JavaThread "jar transforms Thread 290" [_thread_blocked, id=3096, stack(0x000000006c4d0000,0x000000006c5d0000)]
  0x00000000639a2800 JavaThread "jar transforms Thread 289" [_thread_blocked, id=3468, stack(0x000000006c390000,0x000000006c490000)]
  0x00000000639a0800 JavaThread "jar transforms Thread 288" [_thread_blocked, id=3648, stack(0x0000000069b80000,0x0000000069c80000)]
  0x000000006399f000 JavaThread "jar transforms Thread 287" [_thread_blocked, id=2864, stack(0x0000000069750000,0x0000000069850000)]
  0x00000000639a4000 JavaThread "jar transforms Thread 286" [_thread_blocked, id=3036, stack(0x0000000069850000,0x0000000069950000)]
  0x000000006399e000 JavaThread "jar transforms Thread 285" [_thread_blocked, id=3816, stack(0x0000000069630000,0x0000000069730000)]
  0x0000000060279000 JavaThread "jar transforms Thread 284" [_thread_blocked, id=1876, stack(0x0000000069020000,0x0000000069120000)]
  0x0000000060280000 JavaThread "jar transforms Thread 283" [_thread_blocked, id=2808, stack(0x0000000068e40000,0x0000000068f40000)]
  0x000000006027f000 JavaThread "jar transforms Thread 282" [_thread_blocked, id=1120, stack(0x0000000065cf0000,0x0000000065df0000)]
  0x000000006027b000 JavaThread "jar transforms Thread 281" [_thread_blocked, id=1892, stack(0x0000000064920000,0x0000000064a20000)]
  0x000000006027a800 JavaThread "jar transforms Thread 280" [_thread_blocked, id=3124, stack(0x00000000631f0000,0x00000000632f0000)]
  0x000000006027e800 JavaThread "jar transforms Thread 279" [_thread_blocked, id=2320, stack(0x0000000061e10000,0x0000000061f10000)]
  0x000000006027d000 JavaThread "jar transforms Thread 278" [_thread_blocked, id=3776, stack(0x000000005ad50000,0x000000005ae50000)]
  0x000000006027d800 JavaThread "jar transforms Thread 277" [_thread_blocked, id=3444, stack(0x00000000611b0000,0x00000000612b0000)]
  0x000000006027c000 JavaThread "Build operations Thread 4" [_thread_blocked, id=3752, stack(0x0000000061c90000,0x0000000061d90000)]
  0x000000005b425000 JavaThread "Build operations Thread 3" [_thread_blocked, id=3908, stack(0x0000000061b30000,0x0000000061c30000)]
  0x000000005b428000 JavaThread "Build operations Thread 2" [_thread_blocked, id=2564, stack(0x00000000619a0000,0x0000000061aa0000)]
  0x000000005b428800 JavaThread "Build operations" [_thread_blocked, id=2616, stack(0x000000005dcb0000,0x000000005ddb0000)]
  0x000000005b41f800 JavaThread "Cache worker for cache directory md-rule (C:\Users\user\.gradle\caches\6.5\md-rule)" [_thread_blocked, id=2588, stack(0x0000000060840000,0x0000000060940000)]
  0x000000005b41f000 JavaThread "Cache worker for cache directory md-supplier (C:\Users\user\.gradle\caches\6.5\md-supplier)" [_thread_blocked, id=500, stack(0x000000005d2b0000,0x000000005d3b0000)]
  0x000000005b41d800 JavaThread "Cache worker for checksums cache (D:\AndroidStudioProjects\Rassvet\.gradle\checksums)" [_thread_blocked, id=4048, stack(0x000000005cc90000,0x000000005cd90000)]
  0x000000005b41e000 JavaThread "Cache worker for file hash cache (D:\AndroidStudioProjects\Rassvet\.gradle\6.5\fileHashes)" [_thread_blocked, id=3836, stack(0x000000005c590000,0x000000005c690000)]
  0x000000005b425800 JavaThread "Thread-423" [_thread_blocked, id=3208, stack(0x00000000606f0000,0x00000000607f0000)]
  0x000000005b426800 JavaThread "Stdin handler" [_thread_blocked, id=280, stack(0x000000005d5a0000,0x000000005d6a0000)]
  0x000000005b42a000 JavaThread "Asynchronous log dispatcher for DefaultDaemonConnection: socket connection from /127.0.0.1:49225 to /127.0.0.1:49365" [_thread_blocked, id=1280, stack(0x000000005d3b0000,0x000000005d4b0000)]
  0x000000005b429800 JavaThread "Daemon worker Thread 3" [_thread_in_native, id=260, stack(0x000000005d1a0000,0x000000005d2a0000)]
  0x000000005b427000 JavaThread "Cancel handler" [_thread_blocked, id=3840, stack(0x000000005c920000,0x000000005ca20000)]
  0x000000005b421000 JavaThread "Handler for socket connection from /127.0.0.1:49225 to /127.0.0.1:49365" [_thread_in_native, id=1328, stack(0x000000005cfb0000,0x000000005d0b0000)]
  0x000000005b42b000 JavaThread "Daemon Thread 3" [_thread_blocked, id=3764, stack(0x000000005c7c0000,0x000000005c8c0000)]
  0x000000005f8fe000 JavaThread "Cache worker for Java compile cache (C:\Users\user\.gradle\caches\6.5\javaCompile)" [_thread_blocked, id=588, stack(0x000000006df00000,0x000000006e000000)]
  0x000000005eed9000 JavaThread "Memory manager" [_thread_blocked, id=2504, stack(0x000000006bf30000,0x000000006c030000)]
  0x000000005b422000 JavaThread "Cache worker for file content cache (C:\Users\user\.gradle\caches\6.5\fileContent)" [_thread_blocked, id=3308, stack(0x000000005c690000,0x000000005c790000)]
  0x000000005b420800 JavaThread "Cache worker for execution history cache (C:\Users\user\.gradle\caches\6.5\executionHistory)" [_thread_blocked, id=3768, stack(0x0000000060a80000,0x0000000060b80000)]
  0x000000005b41c800 JavaThread "Cache worker for file hash cache (C:\Users\user\.gradle\caches\6.5\fileHashes)" [_thread_blocked, id=3556, stack(0x000000005dde0000,0x000000005dee0000)]
  0x000000005b41c000 JavaThread "File lock request listener" [_thread_in_native, id=3620, stack(0x000000005db80000,0x000000005dc80000)]
  0x000000005b416800 JavaThread "Cache worker for journal cache (C:\Users\user\.gradle\caches\journal-1)" [_thread_blocked, id=3428, stack(0x000000005d970000,0x000000005da70000)]
  0x000000005b085000 JavaThread "Daemon periodic checks" [_thread_blocked, id=3612, stack(0x000000005cb70000,0x000000005cc70000)]
  0x000000005b0c2000 JavaThread "Incoming local TCP Connector on port 49225" [_thread_in_native, id=2852, stack(0x000000005c460000,0x000000005c560000)]
  0x000000005affd000 JavaThread "Daemon health stats" [_thread_blocked, id=2664, stack(0x000000005c150000,0x000000005c250000)]
  0x00000000589fe800 JavaThread "Service Thread" daemon [_thread_blocked, id=2944, stack(0x0000000058df0000,0x0000000058ef0000)]
  0x000000005771f000 JavaThread "C1 CompilerThread2" daemon [_thread_blocked, id=2912, stack(0x00000000592f0000,0x00000000593f0000)]
=>0x000000005771b800 JavaThread "C2 CompilerThread1" daemon [_thread_in_native, id=2312, stack(0x0000000058610000,0x0000000058710000)]
  0x00000000589fa800 JavaThread "C2 CompilerThread0" daemon [_thread_in_native, id=2572, stack(0x0000000059120000,0x0000000059220000)]
  0x0000000057714800 JavaThread "Attach Listener" daemon [_thread_blocked, id=2836, stack(0x00000000583f0000,0x00000000584f0000)]
  0x0000000057713000 JavaThread "Signal Dispatcher" daemon [_thread_blocked, id=2420, stack(0x0000000058f30000,0x0000000059030000)]
  0x00000000576f8800 JavaThread "Finalizer" daemon [_thread_blocked, id=2896, stack(0x00000000588f0000,0x00000000589f0000)]
  0x00000000576f1800 JavaThread "Reference Handler" daemon [_thread_blocked, id=2824, stack(0x0000000058710000,0x0000000058810000)]
  0x000000000015e800 JavaThread "main" [_thread_blocked, id=2828, stack(0x0000000002440000,0x0000000002540000)]

Other Threads:
  0x00000000576a9800 VMThread [stack: 0x0000000058510000,0x0000000058610000] [id=2444]
  0x0000000058a00000 WatcherThread [stack: 0x0000000059460000,0x0000000059560000] [id=228]

VM state:not at safepoint (normal execution)

VM Mutex/Monitor currently owned by a thread: None

heap address: 0x0000000080000000, size: 2048 MB, Compressed Oops mode: 32-bit
Narrow klass base: 0x0000000000000000, Narrow klass shift: 0
Compressed class space size: 1073741824 Address: 0x0000000016d20000

Heap:
 PSYoungGen      total 630784K, used 295475K [0x00000000d5580000, 0x0000000100000000, 0x0000000100000000)
  eden space 580608K, 42% used [0x00000000d5580000,0x00000000e453f8c8,0x00000000f8c80000)
  from space 50176K, 99% used [0x00000000f8c80000,0x00000000fbd4d648,0x00000000fbd80000)
  to   space 63488K, 0% used [0x00000000fc200000,0x00000000fc200000,0x0000000100000000)
 ParOldGen       total 241664K, used 170617K [0x0000000080000000, 0x000000008ec00000, 0x00000000d5580000)
  object space 241664K, 70% used [0x0000000080000000,0x000000008a69e4c8,0x000000008ec00000)
 Metaspace       used 115738K, capacity 122388K, committed 122648K, reserved 1155072K
  class space    used 14898K, capacity 16151K, committed 16176K, reserved 1048576K

Card table byte_map: [0x0000000011bd0000,0x0000000011fe0000] byte_map_base: 0x00000000117d0000

Marking Bits: (ParMarkBitMap*) 0x0000000074eff030
 Begin Bits: [0x0000000012920000, 0x0000000014920000)
 End Bits:   [0x0000000014920000, 0x0000000016920000)

Polling page: 0x0000000000140000

CodeCache: size=245760Kb used=70970Kb max_used=71946Kb free=174789Kb
 bounds [0x0000000002810000, 0x0000000006f60000, 0x0000000011810000]
 total_blobs=21383 nmethods=20425 adapters=868
 compilation: enabled

Compilation events (10 events):
Event: 935.557 Thread 0x000000005771f000 nmethod 26206 0x0000000005ed4790 code [0x0000000005ed49c0, 0x0000000005ed56c8]
Event: 935.557 Thread 0x000000005771f000 26207       3       org.gradle.internal.concurrent.ThreadFactoryImpl$ManagedThreadRunnable::<init> (6 bytes)
Event: 935.557 Thread 0x000000005771f000 nmethod 26207 0x0000000002aded10 code [0x0000000002adee80, 0x0000000002adf0b0]
Event: 935.557 Thread 0x000000005771f000 26208       3       org.gradle.internal.concurrent.ThreadFactoryImpl$ManagedThreadRunnable::<init> (10 bytes)
Event: 935.558 Thread 0x000000005771f000 nmethod 26208 0x0000000005ed43d0 code [0x0000000005ed4520, 0x0000000005ed46f0]
Event: 935.560 Thread 0x000000005771f000 26210   !   3       com.sun.proxy.$Proxy11::childScopeCreated (38 bytes)
Event: 935.561 Thread 0x000000005771f000 nmethod 26210 0x0000000006cd9290 code [0x0000000006cd9420, 0x0000000006cd9a18]
Event: 935.561 Thread 0x000000005771f000 26213       3       org.codehaus.groovy.runtime.metaclass.ClosureMetaClass::unwrap (36 bytes)
Event: 935.561 Thread 0x000000005771f000 nmethod 26213 0x00000000055b5490 code [0x00000000055b5620, 0x00000000055b5c28]
Event: 935.561 Thread 0x000000005771f000 26211   !   3       org.codehaus.groovy.runtime.metaclass.ClosureMetaClass::invokeMethod (872 bytes)

GC Heap History (10 events):
Event: 406.702 GC heap before
{Heap before GC invocations=41 (full 6):
 PSYoungGen      total 629760K, used 581211K [0x00000000d5580000, 0x00000000ffc00000, 0x0000000100000000)
  eden space 567808K, 100% used [0x00000000d5580000,0x00000000f8000000,0x00000000f8000000)
  from space 61952K, 21% used [0x00000000fbf80000,0x00000000fcc96c78,0x00000000ffc00000)
  to   space 63488K, 0% used [0x00000000f8000000,0x00000000f8000000,0x00000000fbe00000)
 ParOldGen       total 241664K, used 131931K [0x0000000080000000, 0x000000008ec00000, 0x00000000d5580000)
  object space 241664K, 54% used [0x0000000080000000,0x00000000880d6ca0,0x000000008ec00000)
 Metaspace       used 115542K, capacity 122188K, committed 122648K, reserved 1155072K
  class space    used 14891K, capacity 16141K, committed 16176K, reserved 1048576K
Event: 406.750 GC heap after
Heap after GC invocations=41 (full 6):
 PSYoungGen      total 631296K, used 10484K [0x00000000d5580000, 0x00000000fff80000, 0x0000000100000000)
  eden space 567808K, 0% used [0x00000000d5580000,0x00000000d5580000,0x00000000f8000000)
  from space 63488K, 16% used [0x00000000f8000000,0x00000000f8a3d0f8,0x00000000fbe00000)
  to   space 62464K, 0% used [0x00000000fc280000,0x00000000fc280000,0x00000000fff80000)
 ParOldGen       total 241664K, used 141162K [0x0000000080000000, 0x000000008ec00000, 0x00000000d5580000)
  object space 241664K, 58% used [0x0000000080000000,0x00000000889da918,0x000000008ec00000)
 Metaspace       used 115542K, capacity 122188K, committed 122648K, reserved 1155072K
  class space    used 14891K, capacity 16141K, committed 16176K, reserved 1048576K
}
Event: 408.795 GC heap before
{Heap before GC invocations=42 (full 6):
 PSYoungGen      total 631296K, used 578292K [0x00000000d5580000, 0x00000000fff80000, 0x0000000100000000)
  eden space 567808K, 100% used [0x00000000d5580000,0x00000000f8000000,0x00000000f8000000)
  from space 63488K, 16% used [0x00000000f8000000,0x00000000f8a3d0f8,0x00000000fbe00000)
  to   space 62464K, 0% used [0x00000000fc280000,0x00000000fc280000,0x00000000fff80000)
 ParOldGen       total 241664K, used 141165K [0x0000000080000000, 0x000000008ec00000, 0x00000000d5580000)
  object space 241664K, 58% used [0x0000000080000000,0x00000000889db4c0,0x000000008ec00000)
 Metaspace       used 115561K, capacity 122192K, committed 122648K, reserved 1155072K
  class space    used 14891K, capacity 16141K, committed 16176K, reserved 1048576K
Event: 408.879 GC heap after
Heap after GC invocations=42 (full 6):
 PSYoungGen      total 630784K, used 29372K [0x00000000d5580000, 0x00000000ffb00000, 0x0000000100000000)
  eden space 572928K, 0% used [0x00000000d5580000,0x00000000d5580000,0x00000000f8500000)
  from space 57856K, 50% used [0x00000000fc280000,0x00000000fdf2f278,0x00000000ffb00000)
  to   space 60416K, 0% used [0x00000000f8500000,0x00000000f8500000,0x00000000fc000000)
 ParOldGen       total 241664K, used 148785K [0x0000000080000000, 0x000000008ec00000, 0x00000000d5580000)
  object space 241664K, 61% used [0x0000000080000000,0x000000008914c420,0x000000008ec00000)
 Metaspace       used 115561K, capacity 122192K, committed 122648K, reserved 1155072K
  class space    used 14891K, capacity 16141K, committed 16176K, reserved 1048576K
}
Event: 410.861 GC heap before
{Heap before GC invocations=43 (full 6):
 PSYoungGen      total 630784K, used 602300K [0x00000000d5580000, 0x00000000ffb00000, 0x0000000100000000)
  eden space 572928K, 100% used [0x00000000d5580000,0x00000000f8500000,0x00000000f8500000)
  from space 57856K, 50% used [0x00000000fc280000,0x00000000fdf2f278,0x00000000ffb00000)
  to   space 60416K, 0% used [0x00000000f8500000,0x00000000f8500000,0x00000000fc000000)
 ParOldGen       total 241664K, used 148785K [0x0000000080000000, 0x000000008ec00000, 0x00000000d5580000)
  object space 241664K, 61% used [0x0000000080000000,0x000000008914c420,0x000000008ec00000)
 Metaspace       used 115563K, capacity 122192K, committed 122648K, reserved 1155072K
  class space    used 14891K, capacity 16141K, committed 16176K, reserved 1048576K
Event: 410.935 GC heap after
Heap after GC invocations=43 (full 6):
 PSYoungGen      total 633344K, used 25281K [0x00000000d5580000, 0x00000000ffb80000, 0x0000000100000000)
  eden space 572928K, 0% used [0x00000000d5580000,0x00000000d5580000,0x00000000f8500000)
  from space 60416K, 41% used [0x00000000f8500000,0x00000000f9db06a0,0x00000000fc000000)
  to   space 56832K, 0% used [0x00000000fc400000,0x00000000fc400000,0x00000000ffb80000)
 ParOldGen       total 241664K, used 161033K [0x0000000080000000, 0x000000008ec00000, 0x00000000d5580000)
  object space 241664K, 66% used [0x0000000080000000,0x0000000089d42718,0x000000008ec00000)
 Metaspace       used 115563K, capacity 122192K, committed 122648K, reserved 1155072K
  class space    used 14891K, capacity 16141K, committed 16176K, reserved 1048576K
}
Event: 414.116 GC heap before
{Heap before GC invocations=44 (full 6):
 PSYoungGen      total 633344K, used 598209K [0x00000000d5580000, 0x00000000ffb80000, 0x0000000100000000)
  eden space 572928K, 100% used [0x00000000d5580000,0x00000000f8500000,0x00000000f8500000)
  from space 60416K, 41% used [0x00000000f8500000,0x00000000f9db06a0,0x00000000fc000000)
  to   space 56832K, 0% used [0x00000000fc400000,0x00000000fc400000,0x00000000ffb80000)
 ParOldGen       total 241664K, used 161033K [0x0000000080000000, 0x000000008ec00000, 0x00000000d5580000)
  object space 241664K, 66% used [0x0000000080000000,0x0000000089d42718,0x000000008ec00000)
 Metaspace       used 115582K, capacity 122196K, committed 122648K, reserved 1155072K
  class space    used 14891K, capacity 16141K, committed 16176K, reserved 1048576K
Event: 414.148 GC heap after
Heap after GC invocations=44 (full 6):
 PSYoungGen      total 637440K, used 7796K [0x00000000d5580000, 0x00000000ffc80000, 0x0000000100000000)
  eden space 580608K, 0% used [0x00000000d5580000,0x00000000d5580000,0x00000000f8c80000)
  from space 56832K, 13% used [0x00000000fc400000,0x00000000fcb9d2b8,0x00000000ffb80000)
  to   space 56832K, 0% used [0x00000000f8c80000,0x00000000f8c80000,0x00000000fc400000)
 ParOldGen       total 241664K, used 168195K [0x0000000080000000, 0x000000008ec00000, 0x00000000d5580000)
  object space 241664K, 69% used [0x0000000080000000,0x000000008a440de0,0x000000008ec00000)
 Metaspace       used 115582K, capacity 122196K, committed 122648K, reserved 1155072K
  class space    used 14891K, capacity 16141K, committed 16176K, reserved 1048576K
}
Event: 417.178 GC heap before
{Heap before GC invocations=45 (full 6):
 PSYoungGen      total 637440K, used 588404K [0x00000000d5580000, 0x00000000ffc80000, 0x0000000100000000)
  eden space 580608K, 100% used [0x00000000d5580000,0x00000000f8c80000,0x00000000f8c80000)
  from space 56832K, 13% used [0x00000000fc400000,0x00000000fcb9d2b8,0x00000000ffb80000)
  to   space 56832K, 0% used [0x00000000f8c80000,0x00000000f8c80000,0x00000000fc400000)
 ParOldGen       total 241664K, used 168195K [0x0000000080000000, 0x000000008ec00000, 0x00000000d5580000)
  object space 241664K, 69% used [0x0000000080000000,0x000000008a440de0,0x000000008ec00000)
 Metaspace       used 115608K, capacity 122260K, committed 122648K, reserved 1155072K
  class space    used 14892K, capacity 16141K, committed 16176K, reserved 1048576K
Event: 417.316 GC heap after
Heap after GC invocations=45 (full 6):
 PSYoungGen      total 630784K, used 49973K [0x00000000d5580000, 0x0000000100000000, 0x0000000100000000)
  eden space 580608K, 0% used [0x00000000d5580000,0x00000000d5580000,0x00000000f8c80000)
  from space 50176K, 99% used [0x00000000f8c80000,0x00000000fbd4d648,0x00000000fbd80000)
  to   space 63488K, 0% used [0x00000000fc200000,0x00000000fc200000,0x0000000100000000)
 ParOldGen       total 241664K, used 170617K [0x0000000080000000, 0x000000008ec00000, 0x00000000d5580000)
  object space 241664K, 70% used [0x0000000080000000,0x000000008a69e4c8,0x000000008ec00000)
 Metaspace       used 115608K, capacity 122260K, committed 122648K, reserved 1155072K
  class space    used 14892K, capacity 16141K, committed 16176K, reserved 1048576K
}

Deoptimization events (10 events):
Event: 417.120 Thread 0x000000006b285800 Uncommon trap: reason=unstable_if action=reinterpret pc=0x0000000005c064fc method=java.util.concurrent.ConcurrentHashMap.computeIfAbsent(Ljava/lang/Object;Ljava/util/function/Function;)Ljava/lang/Object; @ 234
Event: 417.463 Thread 0x000000006b285800 Uncommon trap: reason=array_check action=maybe_recompile pc=0x0000000004082a44 method=java.util.TimSort.mergeHi(IIII)V @ 250
Event: 417.464 Thread 0x000000006b285800 Uncommon trap: reason=array_check action=maybe_recompile pc=0x0000000004082a44 method=java.util.TimSort.mergeHi(IIII)V @ 250
Event: 417.464 Thread 0x000000006b285800 Uncommon trap: reason=array_check action=maybe_recompile pc=0x0000000003a9b560 method=java.util.TimSort.mergeLo(IIII)V @ 133
Event: 417.464 Thread 0x000000006b285800 Uncommon trap: reason=array_check action=maybe_recompile pc=0x0000000003a9b3b0 method=java.util.TimSort.mergeLo(IIII)V @ 375
Event: 417.465 Thread 0x000000006b285800 Uncommon trap: reason=array_check action=maybe_recompile pc=0x0000000003a9b560 method=java.util.TimSort.mergeLo(IIII)V @ 133
Event: 418.655 Thread 0x0000000065e70800 Uncommon trap: reason=bimorphic action=maybe_recompile pc=0x0000000004cdd640 method=com.google.common.collect.TransformedIterator.next()Ljava/lang/Object; @ 10
Event: 418.655 Thread 0x0000000065e70800 Uncommon trap: reason=bimorphic action=maybe_recompile pc=0x0000000004cdd640 method=com.google.common.collect.TransformedIterator.next()Ljava/lang/Object; @ 10
Event: 419.077 Thread 0x000000005b421000 Uncommon trap: reason=null_check action=make_not_entrant pc=0x0000000004e71870 method=java.lang.ThreadLocal$ThreadLocalMap.set(Ljava/lang/ThreadLocal;Ljava/lang/Object;)V @ 36
Event: 419.080 Thread 0x000000005b421000 Uncommon trap: reason=bimorphic action=maybe_recompile pc=0x000000000464d974 method=java.util.HashMap.removeNode(ILjava/lang/Object;Ljava/lang/Object;ZZ)Ljava/util/HashMap$Node; @ 143

Classes redefined (0 events):
No events

Internal exceptions (10 events):
Event: 417.553 Thread 0x000000006b281800 Exception <a 'sun/nio/fs/WindowsException'> (0x00000000d7491598) thrown at [C:\src\AOSP-openjdk-git\hotspot\src\share\vm\prims\jni.cpp, line 710]
Event: 417.553 Thread 0x000000006b281800 Exception <a 'sun/nio/fs/WindowsException'> (0x00000000d7492370) thrown at [C:\src\AOSP-openjdk-git\hotspot\src\share\vm\prims\jni.cpp, line 710]
Event: 417.606 Thread 0x000000006b281800 Exception <a 'sun/nio/fs/WindowsException'> (0x00000000d749b090) thrown at [C:\src\AOSP-openjdk-git\hotspot\src\share\vm\prims\jni.cpp, line 710]
Event: 417.653 Thread 0x000000006b281800 Exception <a 'sun/nio/fs/WindowsException'> (0x00000000d79475a0) thrown at [C:\src\AOSP-openjdk-git\hotspot\src\share\vm\prims\jni.cpp, line 710]
Event: 417.763 Thread 0x000000006b285800 Exception <a 'sun/nio/fs/WindowsException'> (0x00000000d71a74b8) thrown at [C:\src\AOSP-openjdk-git\hotspot\src\share\vm\prims\jni.cpp, line 710]
Event: 418.008 Thread 0x0000000065e71000 Exception <a 'sun/nio/fs/WindowsException'> (0x00000000dc6858e8) thrown at [C:\src\AOSP-openjdk-git\hotspot\src\share\vm\prims\jni.cpp, line 710]
Event: 418.341 Thread 0x000000006b284000 Exception <a 'sun/nio/fs/WindowsException'> (0x00000000dd8ac8e8) thrown at [C:\src\AOSP-openjdk-git\hotspot\src\share\vm\prims\jni.cpp, line 710]
Event: 418.653 Thread 0x0000000065e70800 Exception <a 'sun/nio/fs/WindowsException'> (0x00000000ddf991a8) thrown at [C:\src\AOSP-openjdk-git\hotspot\src\share\vm\prims\jni.cpp, line 710]
Event: 418.653 Thread 0x0000000065e70800 Exception <a 'sun/nio/fs/WindowsException'> (0x00000000ddf99698) thrown at [C:\src\AOSP-openjdk-git\hotspot\src\share\vm\prims\jni.cpp, line 710]
Event: 419.077 Thread 0x000000005b421000 Implicit null exception at 0x0000000004e6e038 to 0x0000000004e71841

Events (10 events):
Event: 935.552 Thread 0x000000005ea50800 Thread added: 0x000000005ea50800
Event: 935.553 Thread 0x000000005ea51000 Thread added: 0x000000005ea51000
Event: 935.553 Thread 0x000000005ea52000 Thread added: 0x000000005ea52000
Event: 935.553 Thread 0x000000005a1fb000 Thread added: 0x000000005a1fb000
Event: 935.553 Thread 0x000000005a1fc000 Thread added: 0x000000005a1fc000
Event: 935.554 Thread 0x000000005a1fc800 Thread added: 0x000000005a1fc800
Event: 935.555 Thread 0x000000005a1fd800 Thread added: 0x000000005a1fd800
Event: 935.555 Thread 0x000000005a1fe000 Thread added: 0x000000005a1fe000
Event: 935.555 Thread 0x000000005a1ff000 Thread added: 0x000000005a1ff000
Event: 935.556 Thread 0x000000005a1ff800 Thread added: 0x000000005a1ff800


Dynamic libraries:
0x000000013f780000 - 0x000000013f7b1000 	C:\Program Files\Android\Android Studio\jre\bin\java.exe
0x0000000077a40000 - 0x0000000077be9000 	C:\Windows\SYSTEM32\ntdll.dll
0x0000000077920000 - 0x0000000077a3f000 	C:\Windows\system32\kernel32.dll
0x000007fefdcf0000 - 0x000007fefdd5b000 	C:\Windows\system32\KERNELBASE.dll
0x000007feff220000 - 0x000007feff2fb000 	C:\Windows\system32\ADVAPI32.dll
0x000007feff430000 - 0x000007feff4cf000 	C:\Windows\system32\msvcrt.dll
0x000007fefdd60000 - 0x000007fefdd7f000 	C:\Windows\SYSTEM32\sechost.dll
0x000007feff300000 - 0x000007feff42d000 	C:\Windows\system32\RPCRT4.dll
0x0000000077820000 - 0x000000007791a000 	C:\Windows\system32\USER32.dll
0x000007feffc60000 - 0x000007feffcc7000 	C:\Windows\system32\GDI32.dll
0x000007fefdd80000 - 0x000007fefdd8e000 	C:\Windows\system32\LPK.dll
0x000007feff920000 - 0x000007feff9e9000 	C:\Windows\system32\USP10.dll
0x000007fefc410000 - 0x000007fefc604000 	C:\Windows\WinSxS\amd64_microsoft.windows.common-controls_6595b64144ccf1df_6.0.7601.17514_none_fa396087175ac9ac\COMCTL32.dll
0x000007feffcd0000 - 0x000007feffd41000 	C:\Windows\system32\SHLWAPI.dll
0x000007feff0c0000 - 0x000007feff0ee000 	C:\Windows\system32\IMM32.DLL
0x000007fefdfa0000 - 0x000007fefe0a9000 	C:\Windows\system32\MSCTF.dll
0x0000000075350000 - 0x0000000075422000 	C:\Program Files\Android\Android Studio\jre\jre\bin\msvcr100.dll
0x0000000074730000 - 0x0000000074f7b000 	C:\Program Files\Android\Android Studio\jre\jre\bin\server\jvm.dll
0x000007fefb710000 - 0x000007fefb719000 	C:\Windows\system32\WSOCK32.dll
0x000007feffb70000 - 0x000007feffbbd000 	C:\Windows\system32\WS2_32.dll
0x000007feff910000 - 0x000007feff918000 	C:\Windows\system32\NSI.dll
0x000007fefa220000 - 0x000007fefa25b000 	C:\Windows\system32\WINMM.dll
0x000007fefcad0000 - 0x000007fefcadc000 	C:\Windows\system32\VERSION.dll
0x0000000077c10000 - 0x0000000077c17000 	C:\Windows\system32\PSAPI.DLL
0x000007fefa2a0000 - 0x000007fefa2af000 	C:\Program Files\Android\Android Studio\jre\jre\bin\verify.dll
0x000007fef7050000 - 0x000007fef7079000 	C:\Program Files\Android\Android Studio\jre\jre\bin\java.dll
0x000007fef7030000 - 0x000007fef7046000 	C:\Program Files\Android\Android Studio\jre\jre\bin\zip.dll
0x000007fefe230000 - 0x000007fefefb8000 	C:\Windows\system32\SHELL32.dll
0x000007fefdd90000 - 0x000007fefdf93000 	C:\Windows\system32\ole32.dll
0x000007fefd990000 - 0x000007fefd99f000 	C:\Windows\system32\profapi.dll
0x000007fef7010000 - 0x000007fef702a000 	C:\Program Files\Android\Android Studio\jre\jre\bin\net.dll
0x000007fefd1e0000 - 0x000007fefd235000 	C:\Windows\system32\mswsock.dll
0x000007fefd1d0000 - 0x000007fefd1d7000 	C:\Windows\System32\wship6.dll
0x000007fef67b0000 - 0x000007fef67c3000 	C:\Program Files\Android\Android Studio\jre\jre\bin\nio.dll
0x000007fefb7e0000 - 0x000007fefb807000 	C:\Users\user\.gradle\native\f6784746aeab05261644944871eae4fe03e0ef1612fff0a4a95f87b438bc6780\windows-amd64\native-platform.dll
0x000007fef6320000 - 0x000007fef632d000 	C:\Program Files\Android\Android Studio\jre\jre\bin\management.dll
0x000007fefd240000 - 0x000007fefd257000 	C:\Windows\system32\CRYPTSP.dll
0x000007fefcf40000 - 0x000007fefcf87000 	C:\Windows\system32\rsaenh.dll
0x000007fefcce0000 - 0x000007fefccfe000 	C:\Windows\system32\USERENV.dll
0x000007fefd8c0000 - 0x000007fefd8cf000 	C:\Windows\system32\CRYPTBASE.dll
0x000007fefb130000 - 0x000007fefb157000 	C:\Windows\system32\IPHLPAPI.DLL
0x000007fefb120000 - 0x000007fefb12b000 	C:\Windows\system32\WINNSI.DLL
0x000007fefaf20000 - 0x000007fefaf38000 	C:\Windows\system32\dhcpcsvc.DLL
0x000007fefaf00000 - 0x000007fefaf11000 	C:\Windows\system32\dhcpcsvc6.DLL
0x000007fef5bc0000 - 0x000007fef5be4000 	C:\Program Files\Android\Android Studio\jre\jre\bin\sunec.dll
0x000007fefcbc0000 - 0x000007fefcbc7000 	C:\Windows\System32\wshtcpip.dll
0x000007fefd060000 - 0x000007fefd0bb000 	C:\Windows\system32\DNSAPI.dll
0x000007fef8e90000 - 0x000007fef8e98000 	C:\Windows\system32\rasadhlp.dll
0x000007fefaf50000 - 0x000007fefafa3000 	C:\Windows\System32\fwpuclnt.dll
0x000007fef55f0000 - 0x000007fef55fb000 	C:\Program Files\Android\Android Studio\jre\jre\bin\sunmscapi.dll
0x000007fefdb40000 - 0x000007fefdca7000 	C:\Windows\system32\CRYPT32.dll
0x000007fefda30000 - 0x000007fefda3f000 	C:\Windows\system32\MSASN1.dll
0x000007fefd860000 - 0x000007fefd8b7000 	C:\Windows\system32\apphelp.dll

VM Arguments:
jvm_args: -Xmx2048m -Dfile.encoding=UTF-8 -Duser.country=RU -Duser.language=ru -Duser.variant 
java_command: org.gradle.launcher.daemon.bootstrap.GradleDaemon 6.5
java_class_path (initial): C:\Users\user\.gradle\wrapper\dists\gradle-6.5-bin\6nifqtx7604sqp1q6g8wikw7p\gradle-6.5\lib\gradle-launcher-6.5.jar
Launcher Type: SUN_STANDARD

Environment Variables:
PATH=C:\Program Files (x86)\AMD APP\bin\x86_64;C:\Program Files (x86)\AMD APP\bin\x86;C:\Windows\system32;C:\Windows;C:\Windows\System32\Wbem;C:\Windows\System32\WindowsPowerShell\v1.0\;C:\Program Files\WIDCOMM\Bluetooth Software\;C:\Program Files\WIDCOMM\Bluetooth Software\syswow64;C:\Program Files (x86)\ATI Technologies\ATI.ACE\Core-Static;C:\Program Files\dotnet\
USERNAME=user
OS=Windows_NT
PROCESSOR_IDENTIFIER=Intel64 Family 6 Model 37 Stepping 2, GenuineIntel



---------------  S Y S T E M  ---------------

OS: Windows 7 , 64 bit Build 7601 (6.1.7601.17514)

CPU:total 4 (initial active 4) (2 cores per cpu, 2 threads per core) family 6 model 37 stepping 2, cmov, cx8, fxsr, mmx, sse, sse2, sse3, ssse3, sse4.1, sse4.2, popcnt, ht, tsc, tscinvbit

Memory: 4k page, physical 4043336k(381724k free), swap 4041492k(5148k free)

vm_info: OpenJDK 64-Bit Server VM (25.242-b01) for windows-amd64 JRE (1.8.0_242-release-1644-b01), built by "builder" with MS VC++ 10.0 (VS2010)

time: Tue Dec 29 20:44:01 2020
timezone: Московское время (зима)
elapsed time: 935 seconds (0d 0h 15m 35s)

